<?xml version="1.0" encoding="UTF-8" standalone="yes"?><!DOCTYPE report PUBLIC "-//JACOCO//DTD Report 1.1//EN" "report.dtd"><report name="radioman"><sessioninfo id="LAPTOP-97O7RNR9-17b812ab" start="1637781643168" dump="1637781644116"/><sessioninfo id="LAPTOP-97O7RNR9-b6af17bb" start="1637781652356" dump="1637781653225"/><sessioninfo id="LAPTOP-97O7RNR9-5994c74d" start="1637855085620" dump="1637855086721"/><sessioninfo id="LAPTOP-97O7RNR9-d268f23e" start="1637855197605" dump="1637855198471"/><sessioninfo id="LAPTOP-97O7RNR9-29535f34" start="1637855266692" dump="1637855267557"/><sessioninfo id="LAPTOP-97O7RNR9-fbb45c3a" start="1637855358063" dump="1637855358928"/><sessioninfo id="LAPTOP-97O7RNR9-e4114843" start="1637855402490" dump="1637855403370"/><sessioninfo id="LAPTOP-97O7RNR9-dbe0aafb" start="1637855450410" dump="1637855451283"/><sessioninfo id="LAPTOP-97O7RNR9-fa6ac68b" start="1638115719065" dump="1638115719929"/><sessioninfo id="LAPTOP-97O7RNR9-10874ebc" start="1638116033007" dump="1638116033867"/><sessioninfo id="LAPTOP-97O7RNR9-d541ce8e" start="1638117894484" dump="1638117895323"/><sessioninfo id="LAPTOP-97O7RNR9-7909e700" start="1638117907171" dump="1638117908061"/><sessioninfo id="LAPTOP-97O7RNR9-e07725c0" start="1638117972047" dump="1638117972935"/><sessioninfo id="LAPTOP-97O7RNR9-7ccb75d1" start="1638117988223" dump="1638117989110"/><sessioninfo id="LAPTOP-97O7RNR9-c1a76d1c" start="1638118061468" dump="1638118062325"/><sessioninfo id="LAPTOP-97O7RNR9-4ed7a2a9" start="1638118181682" dump="1638118182520"/><sessioninfo id="LAPTOP-97O7RNR9-a01a7ac8" start="1638118252601" dump="1638118253451"/><sessioninfo id="LAPTOP-97O7RNR9-76adf67e" start="1638118381134" dump="1638118382001"/><sessioninfo id="LAPTOP-97O7RNR9-24f84350" start="1638118430798" dump="1638118431667"/><sessioninfo id="LAPTOP-97O7RNR9-2a4e957" start="1638118440397" dump="1638118441274"/><sessioninfo id="LAPTOP-97O7RNR9-fa74611d" start="1638118446119" dump="1638118446965"/><sessioninfo id="LAPTOP-97O7RNR9-dbd0d5e7" start="1638118489219" dump="1638118490066"/><sessioninfo id="LAPTOP-97O7RNR9-b12b2c9c" start="1638118495900" dump="1638118496732"/><sessioninfo id="LAPTOP-97O7RNR9-48f2ee53" start="1638118533777" dump="1638118534638"/><sessioninfo id="LAPTOP-97O7RNR9-7c34ed36" start="1638118642124" dump="1638118642975"/><sessioninfo id="LAPTOP-97O7RNR9-4adb6ac9" start="1638118704431" dump="1638118705354"/><sessioninfo id="LAPTOP-97O7RNR9-5cc2d212" start="1638119531036" dump="1638119531881"/><sessioninfo id="LAPTOP-97O7RNR9-f29ed6ff" start="1638119558299" dump="1638119559240"/><sessioninfo id="LAPTOP-97O7RNR9-98d52663" start="1638120583763" dump="1638120584618"/><sessioninfo id="LAPTOP-97O7RNR9-883a3c0f" start="1638120600052" dump="1638120600917"/><sessioninfo id="LAPTOP-97O7RNR9-ed3127f1" start="1638121420728" dump="1638121421617"/><sessioninfo id="LAPTOP-97O7RNR9-2d50971e" start="1638121522158" dump="1638121523040"/><sessioninfo id="LAPTOP-97O7RNR9-3c0a0a34" start="1638121698687" dump="1638121699559"/><sessioninfo id="LAPTOP-97O7RNR9-4b5a8662" start="1638122023673" dump="1638122024535"/><sessioninfo id="LAPTOP-97O7RNR9-3bc5bad1" start="1638122062615" dump="1638122063516"/><sessioninfo id="LAPTOP-97O7RNR9-a1b9bc0a" start="1638122074467" dump="1638122075371"/><sessioninfo id="LAPTOP-97O7RNR9-f84f99d7" start="1638122128206" dump="1638122129089"/><sessioninfo id="LAPTOP-97O7RNR9-aa5b6c8b" start="1638122182585" dump="1638122183481"/><sessioninfo id="LAPTOP-97O7RNR9-a11186fe" start="1638122204620" dump="1638122205475"/><sessioninfo id="LAPTOP-97O7RNR9-9fd1a6a6" start="1638122298011" dump="1638122298870"/><sessioninfo id="LAPTOP-97O7RNR9-4bdaa416" start="1638122356902" dump="1638122357801"/><sessioninfo id="LAPTOP-97O7RNR9-83ae0d16" start="1638122368782" dump="1638122369644"/><sessioninfo id="LAPTOP-97O7RNR9-6c1d1f86" start="1638122406491" dump="1638122407389"/><sessioninfo id="LAPTOP-97O7RNR9-72464dde" start="1638122460793" dump="1638122461668"/><sessioninfo id="LAPTOP-97O7RNR9-f03daceb" start="1638122509393" dump="1638122510275"/><sessioninfo id="LAPTOP-97O7RNR9-b0b90e4a" start="1638122545776" dump="1638122546658"/><sessioninfo id="LAPTOP-97O7RNR9-a4da3f68" start="1638122634621" dump="1638122635509"/><package name="ru/netology/domain"><class name="ru/netology/domain/Radio" sourcefilename="Radio.java"><method name="&lt;init&gt;" desc="()V" line="3"><counter type="INSTRUCTION" missed="0" covered="3"/><counter type="LINE" missed="0" covered="1"/><counter type="COMPLEXITY" missed="0" covered="1"/><counter type="METHOD" missed="0" covered="1"/></method><method name="setCurrentRadioStation" desc="(I)V" line="9"><counter type="INSTRUCTION" missed="0" covered="11"/><counter type="BRANCH" missed="0" covered="4"/><counter type="LINE" missed="0" covered="6"/><counter type="COMPLEXITY" missed="0" covered="3"/><counter type="METHOD" missed="0" covered="1"/></method><method name="nextCurrentRadioStation" desc="()V" line="19"><counter type="INSTRUCTION" missed="0" covered="19"/><counter type="BRANCH" missed="1" covered="3"/><counter type="LINE" missed="0" covered="6"/><counter type="COMPLEXITY" missed="1" covered="2"/><counter type="METHOD" missed="0" covered="1"/></method><method name="prevCurrentRadioStation" desc="()V" line="29"><counter type="INSTRUCTION" missed="0" covered="18"/><counter type="BRANCH" missed="1" covered="3"/><counter type="LINE" missed="0" covered="6"/><counter type="COMPLEXITY" missed="1" covered="2"/><counter type="METHOD" missed="0" covered="1"/></method><method name="getCurrentRadioStation" desc="()I" line="40"><counter type="INSTRUCTION" missed="0" covered="3"/><counter type="LINE" missed="0" covered="1"/><counter type="COMPLEXITY" missed="0" covered="1"/><counter type="METHOD" missed="0" covered="1"/></method><method name="moreVolume" desc="()V" line="45"><counter type="INSTRUCTION" missed="0" covered="18"/><counter type="BRANCH" missed="0" covered="4"/><counter type="LINE" missed="0" covered="5"/><counter type="COMPLEXITY" missed="0" covered="3"/><counter type="METHOD" missed="0" covered="1"/></method><method name="underVolume" desc="()V" line="55"><counter type="INSTRUCTION" missed="0" covered="16"/><counter type="BRANCH" missed="0" covered="4"/><counter type="LINE" missed="0" covered="5"/><counter type="COMPLEXITY" missed="0" covered="3"/><counter type="METHOD" missed="0" covered="1"/></method><method name="maxVolume" desc="()V" line="65"><counter type="INSTRUCTION" missed="0" covered="9"/><counter type="BRANCH" missed="1" covered="1"/><counter type="LINE" missed="0" covered="4"/><counter type="COMPLEXITY" missed="1" covered="1"/><counter type="METHOD" missed="0" covered="1"/></method><method name="minVolume" desc="()V" line="72"><counter type="INSTRUCTION" missed="0" covered="8"/><counter type="BRANCH" missed="1" covered="1"/><counter type="LINE" missed="0" covered="4"/><counter type="COMPLEXITY" missed="1" covered="1"/><counter type="METHOD" missed="0" covered="1"/></method><method name="setCurrentVolume" desc="(I)V" line="80"><counter type="INSTRUCTION" missed="0" covered="11"/><counter type="BRANCH" missed="0" covered="4"/><counter type="LINE" missed="0" covered="6"/><counter type="COMPLEXITY" missed="0" covered="3"/><counter type="METHOD" missed="0" covered="1"/></method><method name="getCurrentVolume" desc="()I" line="91"><counter type="INSTRUCTION" missed="0" covered="3"/><counter type="LINE" missed="0" covered="1"/><counter type="COMPLEXITY" missed="0" covered="1"/><counter type="METHOD" missed="0" covered="1"/></method><counter type="INSTRUCTION" missed="0" covered="119"/><counter type="BRANCH" missed="4" covered="24"/><counter type="LINE" missed="0" covered="45"/><counter type="COMPLEXITY" missed="4" covered="21"/><counter type="METHOD" missed="0" covered="11"/><counter type="CLASS" missed="0" covered="1"/></class><sourcefile name="Radio.java"><line nr="3" mi="0" ci="3" mb="0" cb="0"/><line nr="9" mi="0" ci="3" mb="0" cb="2"/><line nr="10" mi="0" ci="1" mb="0" cb="0"/><line nr="12" mi="0" ci="2" mb="0" cb="2"/><line nr="13" mi="0" ci="1" mb="0" cb="0"/><line nr="15" mi="0" ci="3" mb="0" cb="0"/><line nr="16" mi="0" ci="1" mb="0" cb="0"/><line nr="19" mi="0" ci="4" mb="0" cb="2"/><line nr="20" mi="0" ci="3" mb="0" cb="0"/><line nr="21" mi="0" ci="1" mb="0" cb="0"/><line nr="23" mi="0" ci="4" mb="1" cb="1"/><line nr="24" mi="0" ci="6" mb="0" cb="0"/><line nr="26" mi="0" ci="1" mb="0" cb="0"/><line nr="29" mi="0" ci="3" mb="0" cb="2"/><line nr="30" mi="0" ci="3" mb="0" cb="0"/><line nr="31" mi="0" ci="1" mb="0" cb="0"/><line nr="33" mi="0" ci="4" mb="1" cb="1"/><line nr="34" mi="0" ci="6" mb="0" cb="0"/><line nr="36" mi="0" ci="1" mb="0" cb="0"/><line nr="40" mi="0" ci="3" mb="0" cb="0"/><line nr="45" mi="0" ci="4" mb="0" cb="2"/><line nr="46" mi="0" ci="6" mb="0" cb="0"/><line nr="48" mi="0" ci="4" mb="0" cb="2"/><line nr="49" mi="0" ci="3" mb="0" cb="0"/><line nr="51" mi="0" ci="1" mb="0" cb="0"/><line nr="55" mi="0" ci="3" mb="0" cb="2"/><line nr="56" mi="0" ci="6" mb="0" cb="0"/><line nr="58" mi="0" ci="3" mb="0" cb="2"/><line nr="59" mi="0" ci="3" mb="0" cb="0"/><line nr="61" mi="0" ci="1" mb="0" cb="0"/><line nr="65" mi="0" ci="2" mb="0" cb="0"/><line nr="66" mi="0" ci="3" mb="1" cb="1"/><line nr="67" mi="0" ci="3" mb="0" cb="0"/><line nr="69" mi="0" ci="1" mb="0" cb="0"/><line nr="72" mi="0" ci="2" mb="0" cb="0"/><line nr="73" mi="0" ci="2" mb="1" cb="1"/><line nr="74" mi="0" ci="3" mb="0" cb="0"/><line nr="76" mi="0" ci="1" mb="0" cb="0"/><line nr="80" mi="0" ci="3" mb="0" cb="2"/><line nr="81" mi="0" ci="1" mb="0" cb="0"/><line nr="83" mi="0" ci="2" mb="0" cb="2"/><line nr="84" mi="0" ci="1" mb="0" cb="0"/><line nr="86" mi="0" ci="3" mb="0" cb="0"/><line nr="87" mi="0" ci="1" mb="0" cb="0"/><line nr="91" mi="0" ci="3" mb="0" cb="0"/><counter type="INSTRUCTION" missed="0" covered="119"/><counter type="BRANCH" missed="4" covered="24"/><counter type="LINE" missed="0" covered="45"/><counter type="COMPLEXITY" missed="4" covered="21"/><counter type="METHOD" missed="0" covered="11"/><counter type="CLASS" missed="0" covered="1"/></sourcefile><counter type="INSTRUCTION" missed="0" covered="119"/><counter type="BRANCH" missed="4" covered="24"/><counter type="LINE" missed="0" covered="45"/><counter type="COMPLEXITY" missed="4" covered="21"/><counter type="METHOD" missed="0" covered="11"/><counter type="CLASS" missed="0" covered="1"/></package><counter type="INSTRUCTION" missed="0" covered="119"/><counter type="BRANCH" missed="4" covered="24"/><counter type="LINE" missed="0" covered="45"/><counter type="COMPLEXITY" missed="4" covered="21"/><counter type="METHOD" missed="0" covered="11"/><counter type="CLASS" missed="0" covered="1"/></report>